<?xml version="1.0" encoding="UTF-8"?>
<!-- Generated by org.testng.reporters.JUnitReportReporter -->
<testsuite hostname="LAPTOP-3RADJBSR" failures="0" tests="1" name="Day1.TestMethod" time="0.015" errors="0" timestamp="2024-11-27T09:34:31 IST" skipped="0">
  <testcase classname="Day1.TestMethod" name="verifytest" time="0.015"/>
  <system-out/>
</testsuite> <!-- Day1.TestMethod -->
