<?xml version="1.0" encoding="UTF-8"?>
<!-- Generated by org.testng.reporters.JUnitReportReporter -->
<testsuite hostname="LAPTOP-3RADJBSR" failures="0" tests="1" name="Test.VerifyTest" time="18.824" errors="0" timestamp="2024-12-12T10:52:47 IST" skipped="0">
  <testcase classname="Test.VerifyTest" name="LoginTest" time="18.824"/>
</testsuite> <!-- Test.VerifyTest -->
